ERROR - 2023-12-21 03:58:40 --> Error connecting to the database: mysqli_sql_exception: Access denied for user 'loergrou_testing'@'localhost' (using password: YES) in C:\xampp\htdocs\PTI\system\Database\MySQLi\Connection.php:185
Stack trace:
#0 C:\xampp\htdocs\PTI\system\Database\MySQLi\Connection.php(185): mysqli->real_connect('localhost', 'loergrou_testin...', 'yqE2R8([H#Bl', 'loergrou_testin...', 3306, '', 0)
#1 C:\xampp\htdocs\PTI\system\Database\BaseConnection.php(392): CodeIgniter\Database\MySQLi\Connection->connect(false)
#2 C:\xampp\htdocs\PTI\system\Database\BaseConnection.php(575): CodeIgniter\Database\BaseConnection->initialize()
#3 C:\xampp\htdocs\PTI\system\Database\BaseBuilder.php(1615): CodeIgniter\Database\BaseConnection->query('SELECT *\nFROM `...', Array, false)
#4 C:\xampp\htdocs\PTI\system\Model.php(237): CodeIgniter\Database\BaseBuilder->get()
#5 C:\xampp\htdocs\PTI\system\BaseModel.php(624): CodeIgniter\Model->doFindAll(0, 0)
#6 C:\xampp\htdocs\PTI\app\Models\M_career.php(25): CodeIgniter\BaseModel->findAll()
#7 C:\xampp\htdocs\PTI\app\Controllers\Home.php(12): App\Models\M_career->get_lowongan_berjalan()
#8 C:\xampp\htdocs\PTI\system\CodeIgniter.php(942): App\Controllers\Home->index()
#9 C:\xampp\htdocs\PTI\system\CodeIgniter.php(502): CodeIgniter\CodeIgniter->runController(Object(App\Controllers\Home))
#10 C:\xampp\htdocs\PTI\system\CodeIgniter.php(361): CodeIgniter\CodeIgniter->handleRequest(NULL, Object(Config\Cache), false)
#11 C:\xampp\htdocs\PTI\public\index.php(79): CodeIgniter\CodeIgniter->run()
#12 {main}

Next CodeIgniter\Database\Exceptions\DatabaseException: Access denied for user '****'@'localhost' (using password: YES) in C:\xampp\htdocs\PTI\system\Database\MySQLi\Connection.php:229
Stack trace:
#0 C:\xampp\htdocs\PTI\system\Database\BaseConnection.php(392): CodeIgniter\Database\MySQLi\Connection->connect(false)
#1 C:\xampp\htdocs\PTI\system\Database\BaseConnection.php(575): CodeIgniter\Database\BaseConnection->initialize()
#2 C:\xampp\htdocs\PTI\system\Database\BaseBuilder.php(1615): CodeIgniter\Database\BaseConnection->query('SELECT *\nFROM `...', Array, false)
#3 C:\xampp\htdocs\PTI\system\Model.php(237): CodeIgniter\Database\BaseBuilder->get()
#4 C:\xampp\htdocs\PTI\system\BaseModel.php(624): CodeIgniter\Model->doFindAll(0, 0)
#5 C:\xampp\htdocs\PTI\app\Models\M_career.php(25): CodeIgniter\BaseModel->findAll()
#6 C:\xampp\htdocs\PTI\app\Controllers\Home.php(12): App\Models\M_career->get_lowongan_berjalan()
#7 C:\xampp\htdocs\PTI\system\CodeIgniter.php(942): App\Controllers\Home->index()
#8 C:\xampp\htdocs\PTI\system\CodeIgniter.php(502): CodeIgniter\CodeIgniter->runController(Object(App\Controllers\Home))
#9 C:\xampp\htdocs\PTI\system\CodeIgniter.php(361): CodeIgniter\CodeIgniter->handleRequest(NULL, Object(Config\Cache), false)
#10 C:\xampp\htdocs\PTI\public\index.php(79): CodeIgniter\CodeIgniter->run()
#11 {main}
CRITICAL - 2023-12-21 03:58:40 --> Unable to connect to the database.
Main connection [MySQLi]: Access denied for user '****'@'localhost' (using password: YES)
in SYSTEMPATH\Database\BaseConnection.php on line 428.
 1 SYSTEMPATH\Database\BaseConnection.php(575): CodeIgniter\Database\BaseConnection->initialize()
 2 SYSTEMPATH\Database\BaseBuilder.php(1615): CodeIgniter\Database\BaseConnection->query('SELECT *
FROM `lowongan_pekerjaan`
WHERE `waktu_mulai` <= :waktu_mulai:
AND `waktu_akhir` >= :waktu_akhir:', [...], false)
 3 SYSTEMPATH\Model.php(237): CodeIgniter\Database\BaseBuilder->get()
 4 SYSTEMPATH\BaseModel.php(624): CodeIgniter\Model->doFindAll(0, 0)
 5 APPPATH\Models\M_career.php(25): CodeIgniter\BaseModel->findAll()
 6 APPPATH\Controllers\Home.php(12): App\Models\M_career->get_lowongan_berjalan()
 7 SYSTEMPATH\CodeIgniter.php(942): App\Controllers\Home->index()
 8 SYSTEMPATH\CodeIgniter.php(502): CodeIgniter\CodeIgniter->runController(Object(App\Controllers\Home))
 9 SYSTEMPATH\CodeIgniter.php(361): CodeIgniter\CodeIgniter->handleRequest(null, Object(Config\Cache), false)
10 FCPATH\index.php(79): CodeIgniter\CodeIgniter->run()
